Traceback (most recent call last):
  File "/usr/local/lib/python3.9/site-packages/jupyter_cache/executors/utils.py", line 51, in single_nb_execution
    executenb(
  File "/usr/local/lib/python3.9/site-packages/nbclient/client.py", line 1085, in execute
    return NotebookClient(nb=nb, resources=resources, km=km, **kwargs).execute()
  File "/usr/local/lib/python3.9/site-packages/nbclient/util.py", line 84, in wrapped
    return just_run(coro(*args, **kwargs))
  File "/usr/local/lib/python3.9/site-packages/nbclient/util.py", line 62, in just_run
    return loop.run_until_complete(coro)
  File "/usr/local/lib/python3.9/asyncio/base_events.py", line 642, in run_until_complete
    return future.result()
  File "/usr/local/lib/python3.9/site-packages/nbclient/client.py", line 551, in async_execute
    await self.async_execute_cell(
  File "/usr/local/lib/python3.9/site-packages/nbclient/client.py", line 846, in async_execute_cell
    self._check_raise_for_error(cell, exec_reply)
  File "/usr/local/lib/python3.9/site-packages/nbclient/client.py", line 748, in _check_raise_for_error
    raise CellExecutionError.from_cell_and_msg(cell, exec_reply_content)
nbclient.exceptions.CellExecutionError: An error occurred while executing the following cell:
------------------
num_iterations = 5000

num_actions = 32
bandwidth = 1

# Instantiate VW learner
vw = pyvw.Workspace("--cats " + str(num_actions) + "  --bandwidth " + str(bandwidth) + " --min_value 0 --max_value 32 --json --chain_hash --coin --epsilon 0.2 -q :: --quiet")
ctr, hits = run_simulation(vw, num_iterations, rooms, times_of_day, get_cost, 0, 32, do_learn=True)
vw.finish()
plot_reward_rate(num_iterations, ctr, 'reward rate with num_actions = 32 and bandwidth = 1')
------------------

[0;31m---------------------------------------------------------------------------[0m
[0;31mAttributeError[0m                            Traceback (most recent call last)
Input [0;32mIn [9][0m, in [0;36m<module>[0;34m[0m
[1;32m      6[0m [38;5;66;03m# Instantiate VW learner[39;00m
[1;32m      7[0m vw [38;5;241m=[39m pyvw[38;5;241m.[39mWorkspace([38;5;124m"[39m[38;5;124m--cats [39m[38;5;124m"[39m [38;5;241m+[39m [38;5;28mstr[39m(num_actions) [38;5;241m+[39m [38;5;124m"[39m[38;5;124m  --bandwidth [39m[38;5;124m"[39m [38;5;241m+[39m [38;5;28mstr[39m(bandwidth) [38;5;241m+[39m [38;5;124m"[39m[38;5;124m --min_value 0 --max_value 32 --json --chain_hash --coin --epsilon 0.2 -q :: --quiet[39m[38;5;124m"[39m)
[0;32m----> 8[0m ctr, hits [38;5;241m=[39m [43mrun_simulation[49m[43m([49m[43mvw[49m[43m,[49m[43m [49m[43mnum_iterations[49m[43m,[49m[43m [49m[43mrooms[49m[43m,[49m[43m [49m[43mtimes_of_day[49m[43m,[49m[43m [49m[43mget_cost[49m[43m,[49m[43m [49m[38;5;241;43m0[39;49m[43m,[49m[43m [49m[38;5;241;43m32[39;49m[43m,[49m[43m [49m[43mdo_learn[49m[38;5;241;43m=[39;49m[38;5;28;43;01mTrue[39;49;00m[43m)[49m
[1;32m      9[0m vw[38;5;241m.[39mfinish()
[1;32m     10[0m plot_reward_rate(num_iterations, ctr, [38;5;124m'[39m[38;5;124mreward rate with num_actions = 32 and bandwidth = 1[39m[38;5;124m'[39m)

Input [0;32mIn [7][0m, in [0;36mrun_simulation[0;34m(vw, num_iterations, rooms, times_of_day, cost_function, min_value, max_value, do_learn)[0m
[1;32m     22[0m [38;5;28;01mif[39;00m do_learn:
[1;32m     23[0m     [38;5;66;03m# 5. Inform VW of what happened so we can learn from it[39;00m
[1;32m     24[0m     txt_ex [38;5;241m=[39m to_vw_example_format(context, cats_label[38;5;241m=[39m(temperature, cost, pdf_value))
[0;32m---> 25[0m     vw_format [38;5;241m=[39m vw[38;5;241m.[39mparse(txt_ex, [43mpyvw[49m[38;5;241;43m.[39;49m[43mvw[49m[38;5;241;43m.[39;49m[43mlContinuous[49m)
[1;32m     26[0m     [38;5;66;03m# 6. Learn[39;00m
[1;32m     27[0m     vw[38;5;241m.[39mlearn(vw_format)

[0;31mAttributeError[0m: type object 'vw' has no attribute 'lContinuous'
AttributeError: type object 'vw' has no attribute 'lContinuous'

