Traceback (most recent call last):
  File "/usr/local/lib/python3.9/site-packages/jupyter_cache/executors/utils.py", line 51, in single_nb_execution
    executenb(
  File "/usr/local/lib/python3.9/site-packages/nbclient/client.py", line 1085, in execute
    return NotebookClient(nb=nb, resources=resources, km=km, **kwargs).execute()
  File "/usr/local/lib/python3.9/site-packages/nbclient/util.py", line 84, in wrapped
    return just_run(coro(*args, **kwargs))
  File "/usr/local/lib/python3.9/site-packages/nbclient/util.py", line 62, in just_run
    return loop.run_until_complete(coro)
  File "/usr/local/lib/python3.9/asyncio/base_events.py", line 642, in run_until_complete
    return future.result()
  File "/usr/local/lib/python3.9/site-packages/nbclient/client.py", line 551, in async_execute
    await self.async_execute_cell(
  File "/usr/local/lib/python3.9/site-packages/nbclient/client.py", line 846, in async_execute_cell
    self._check_raise_for_error(cell, exec_reply)
  File "/usr/local/lib/python3.9/site-packages/nbclient/client.py", line 748, in _check_raise_for_error
    raise CellExecutionError.from_cell_and_msg(cell, exec_reply_content)
nbclient.exceptions.CellExecutionError: An error occurred while executing the following cell:
------------------
import sys
from vowpalwabbit import pyvw

# wow! your data can be ANY type you want... does NOT have to be VW examples
DET  = 1
NOUN = 2
VERB = 3
ADJ  = 4
my_dataset = [ [(DET , 'the'),
                (NOUN, 'monster'),
                (VERB, 'ate'),
                (DET , 'a'),
                (ADJ , 'big'),
                (NOUN, 'sandwich')],
               [(DET , 'the'),
                (NOUN, 'sandwich'),
                (VERB, 'was'),
                (ADJ , 'tasty')],
               [(NOUN, 'it'),
                (VERB, 'ate'),
                (NOUN, 'it'),
                (ADJ , 'all')] ]


class SequenceLabeler(pyvw.SearchTask):
    def __init__(self, vw, sch, num_actions):
        # you must must must initialize the parent class
        # this will automatically store self.sch <- sch, self.vw <- vw
        pyvw.SearchTask.__init__(self, vw, sch, num_actions)

        # set whatever options you want
        sch.set_options( sch.AUTO_HAMMING_LOSS | sch.AUTO_CONDITION_FEATURES | sch.IS_LDF )

    def makeExample(self, word, p):
        ex = self.example({'w': [word + '_' + str(p)]}, labelType=self.vw.lCostSensitive)
        ex.set_label_string(str(p) + ':0')
        return ex

    def _run(self, sentence):   # it's called _run to remind you that you shouldn't call it directly!
        output = []
        for n in range(len(sentence)):
            pos,word = sentence[n]
            # use "with...as..." to guarantee that the example is finished properly
            ex = [ self.makeExample(word,p) for p in [DET,NOUN,VERB,ADJ] ]
            pred = self.sch.predict(examples=ex, my_tag=n+1, oracle=pos, condition=(n,'p'))
            vw.finish_example(ex)
            output.append(pred)
        return output

# initialize VW as usual, but use 'hook' as the search_task
vw = pyvw.Workspace("--search 0 --csoaa_ldf m --quiet --search_task hook --ring_size 1024")

# tell VW to construct your search task object
sequenceLabeler = vw.init_search_task(SequenceLabeler)

# train it on the above dataset ten times; the my_dataset.__iter__ feeds into _run above
print('training!')
i = 0
while i < 10:
    sequenceLabeler.learn(my_dataset)
    i += 1

# now see the predictions on a test sentence
print('predicting!', file=sys.stderr)
print(sequenceLabeler.predict( [(1,w) for w in "the sandwich ate a monster".split()] ))
print('should have printed: [1, 2, 3, 1, 2]')

------------------

[0;31m---------------------------------------------------------------------------[0m
[0;31mRuntimeError[0m                              Traceback (most recent call last)
Input [0;32mIn [1][0m, in [0;36m<module>[0;34m[0m
[1;32m     58[0m i [38;5;241m=[39m [38;5;241m0[39m
[1;32m     59[0m [38;5;28;01mwhile[39;00m i [38;5;241m<[39m [38;5;241m10[39m:
[0;32m---> 60[0m     [43msequenceLabeler[49m[38;5;241;43m.[39;49m[43mlearn[49m[43m([49m[43mmy_dataset[49m[43m)[49m
[1;32m     61[0m     i [38;5;241m+[39m[38;5;241m=[39m [38;5;241m1[39m
[1;32m     63[0m [38;5;66;03m# now see the predictions on a test sentence[39;00m

File [0;32m/usr/local/lib/python3.9/site-packages/vowpalwabbit/pyvw.py:260[0m, in [0;36mSearchTask.learn[0;34m(self, data_iterator)[0m
[1;32m    245[0m [38;5;124;03m"""Train search task by providing an iterator of examples.[39;00m
[1;32m    246[0m 
[1;32m    247[0m [38;5;124;03mParameters[39;00m
[0;32m   (...)[0m
[1;32m    257[0m 
[1;32m    258[0m [38;5;124;03m"""[39;00m
[1;32m    259[0m [38;5;28;01mfor[39;00m my_example [38;5;129;01min[39;00m data_iterator[38;5;241m.[39m[38;5;21m__iter__[39m():
[0;32m--> 260[0m     [38;5;28;43mself[39;49m[38;5;241;43m.[39;49m[43m_call_vw[49m[43m([49m[43mmy_example[49m[43m,[49m[43m [49m[43misTest[49m[38;5;241;43m=[39;49m[38;5;28;43;01mFalse[39;49;00m[43m)[49m

File [0;32m/usr/local/lib/python3.9/site-packages/vowpalwabbit/pyvw.py:240[0m, in [0;36mSearchTask._call_vw[0;34m(self, my_example, isTest, useOracle)[0m
[1;32m    238[0m [38;5;28mself[39m[38;5;241m.[39msch[38;5;241m.[39mset_structured_predict_hook(run, setup, takedown)
[1;32m    239[0m [38;5;28mself[39m[38;5;241m.[39msch[38;5;241m.[39mset_force_oracle(useOracle)
[0;32m--> 240[0m [38;5;28;43mself[39;49m[38;5;241;43m.[39;49m[43mvw[49m[38;5;241;43m.[39;49m[43mlearn[49m[43m([49m
[1;32m    241[0m [43m    [49m[38;5;28;43mself[39;49m[38;5;241;43m.[39;49m[43mbogus_example[49m
[1;32m    242[0m [43m[49m[43m)[49m

File [0;32m/usr/local/lib/python3.9/site-packages/vowpalwabbit/pyvw.py:646[0m, in [0;36mWorkspace.learn[0;34m(self, ec)[0m
[1;32m    643[0m     pylibvw[38;5;241m.[39mvw[38;5;241m.[39mlearn([38;5;28mself[39m, ec)
[1;32m    645[0m [38;5;28;01melif[39;00m [38;5;28misinstance[39m(ec, [38;5;28mlist[39m):
[0;32m--> 646[0m     [43mpylibvw[49m[38;5;241;43m.[39;49m[43mvw[49m[38;5;241;43m.[39;49m[43mlearn_multi[49m[43m([49m[38;5;28;43mself[39;49m[43m,[49m[43m [49m[43mec[49m[43m)[49m
[1;32m    648[0m [38;5;28;01melse[39;00m:
[1;32m    649[0m     [38;5;28;01mraise[39;00m [38;5;167;01mTypeError[39;00m(
[1;32m    650[0m         [38;5;124m"[39m[38;5;124mexpecting string or example object as ec argument for learn,[39m[38;5;124m"[39m
[1;32m    651[0m         [38;5;124m"[39m[38;5;124m got [39m[38;5;132;01m%s[39;00m[38;5;124m"[39m [38;5;241m%[39m [38;5;28mtype[39m(ec)
[1;32m    652[0m     )

[0;31mRuntimeError[0m: Exception in 'search_run_fn'
RuntimeError: Exception in 'search_run_fn'

